<?xml version="1.0" encoding="UTF-8"?>
<testsuite name="FibonacciTest" tests="1" skipped="0" failures="0" errors="0" timestamp="2015-10-12T14:23:04" hostname="ubulis" time="0.05">
  <properties/>
  <testcase name="testFibonacci" classname="FibonacciTest" time="0.05"/>
  <system-out><![CDATA[]]></system-out>
  <system-err><![CDATA[]]></system-err>
</testsuite>
